Using pre-set license
Built from '2022.3/staging' branch; Version is '2022.3.23f1 (dbb3f7c5b5c6) revision 14398455'; Using compiler version '192829333'; Build Type 'Release'
OS: 'Windows 11  (10.0.22631) 64bit Professional' Language: 'en' Physical Memory: 32374 MB
BatchMode: 1, IsHumanControllingUs: 0, StartBugReporterOnCrash: 0, Is64bit: 1, IsPro: 1

COMMAND LINE ARGUMENTS:
C:\Program Files\Unity\Hub\Editor\2022.3.23f1\Editor\Unity.exe
-adb2
-batchMode
-noUpm
-name
AssetImportWorker1
-projectPath
C:/Users/georg/Documents/LmWb Simulation
-logFile
Logs/AssetImportWorker1.log
-srvPort
61024
Successfully changed project path to: C:/Users/georg/Documents/LmWb Simulation
C:/Users/georg/Documents/LmWb Simulation
[UnityMemory] Configuration Parameters - Can be set up in boot.config
    "memorysetup-bucket-allocator-granularity=16"
    "memorysetup-bucket-allocator-bucket-count=8"
    "memorysetup-bucket-allocator-block-size=33554432"
    "memorysetup-bucket-allocator-block-count=8"
    "memorysetup-main-allocator-block-size=16777216"
    "memorysetup-thread-allocator-block-size=16777216"
    "memorysetup-gfx-main-allocator-block-size=16777216"
    "memorysetup-gfx-thread-allocator-block-size=16777216"
    "memorysetup-cache-allocator-block-size=4194304"
    "memorysetup-typetree-allocator-block-size=2097152"
    "memorysetup-profiler-bucket-allocator-granularity=16"
    "memorysetup-profiler-bucket-allocator-bucket-count=8"
    "memorysetup-profiler-bucket-allocator-block-size=33554432"
    "memorysetup-profiler-bucket-allocator-block-count=8"
    "memorysetup-profiler-allocator-block-size=16777216"
    "memorysetup-profiler-editor-allocator-block-size=1048576"
    "memorysetup-temp-allocator-size-main=16777216"
    "memorysetup-job-temp-allocator-block-size=2097152"
    "memorysetup-job-temp-allocator-block-size-background=1048576"
    "memorysetup-job-temp-allocator-reduction-small-platforms=262144"
    "memorysetup-allocator-temp-initial-block-size-main=262144"
    "memorysetup-allocator-temp-initial-block-size-worker=262144"
    "memorysetup-temp-allocator-size-background-worker=32768"
    "memorysetup-temp-allocator-size-job-worker=262144"
    "memorysetup-temp-allocator-size-preload-manager=33554432"
    "memorysetup-temp-allocator-size-nav-mesh-worker=65536"
    "memorysetup-temp-allocator-size-audio-worker=65536"
    "memorysetup-temp-allocator-size-cloud-worker=32768"
    "memorysetup-temp-allocator-size-gi-baking-worker=262144"
    "memorysetup-temp-allocator-size-gfx=262144"
Player connection [29688] Host "[IP] 172.28.218.50 [Port] 0 [Flags] 2 [Guid] 850910538 [EditorId] 850910538 [Version] 1048832 [Id] WindowsEditor(7,zesquirrelnator) [Debug] 1 [PackageName] WindowsEditor [ProjectName] Editor" joined multi-casting on [225.0.0.222:54997]...

Player connection [29688] Host "[IP] 172.28.218.50 [Port] 0 [Flags] 2 [Guid] 850910538 [EditorId] 850910538 [Version] 1048832 [Id] WindowsEditor(7,zesquirrelnator) [Debug] 1 [PackageName] WindowsEditor [ProjectName] Editor" joined alternative multi-casting on [225.0.0.222:34997]...

[Physics::Module] Initialized MultithreadedJobDispatcher with 11 workers.
Refreshing native plugins compatible for Editor in 23.08 ms, found 3 plugins.
Preloading 0 native plugins for Editor in 0.00 ms.
Initialize engine version: 2022.3.23f1 (dbb3f7c5b5c6)
[Subsystems] Discovering subsystems at path C:/Program Files/Unity/Hub/Editor/2022.3.23f1/Editor/Data/Resources/UnitySubsystems
[Subsystems] Discovering subsystems at path C:/Users/georg/Documents/LmWb Simulation/Assets
GfxDevice: creating device client; threaded=0; jobified=0
Direct3D:
    Version:  Direct3D 11.0 [level 11.1]
    Renderer: Intel(R) Iris(R) Xe Graphics (ID=0xa7a1)
    Vendor:   Intel
    VRAM:     16187 MB
    Driver:   31.0.101.4255
Initialize mono
Mono path[0] = 'C:/Program Files/Unity/Hub/Editor/2022.3.23f1/Editor/Data/Managed'
Mono path[1] = 'C:/Program Files/Unity/Hub/Editor/2022.3.23f1/Editor/Data/MonoBleedingEdge/lib/mono/unityjit-win32'
Mono config path = 'C:/Program Files/Unity/Hub/Editor/2022.3.23f1/Editor/Data/MonoBleedingEdge/etc'
Using monoOptions --debugger-agent=transport=dt_socket,embedding=1,server=y,suspend=n,address=127.0.0.1:56484
Begin MonoManager ReloadAssembly
Registering precompiled unity dll's ...
Register platform support module: C:/Program Files/Unity/Hub/Editor/2022.3.23f1/Editor/Data/PlaybackEngines/WebGLSupport/UnityEditor.WebGL.Extensions.dll
Register platform support module: C:/Program Files/Unity/Hub/Editor/2022.3.23f1/Editor/Data/PlaybackEngines/WindowsStandaloneSupport/UnityEditor.WindowsStandalone.Extensions.dll
Registered in 0.022760 seconds.
- Loaded All Assemblies, in  0.928 seconds
Native extension for WindowsStandalone target not found
Native extension for WebGL target not found
Mono: successfully reloaded assembly
- Finished resetting the current domain, in  0.850 seconds
Domain Reload Profiling: 1772ms
	BeginReloadAssembly (274ms)
		ExecutionOrderSort (0ms)
		DisableScriptedObjects (0ms)
		BackupInstance (0ms)
		ReleaseScriptingObjects (0ms)
		CreateAndSetChildDomain (1ms)
	RebuildCommonClasses (76ms)
	RebuildNativeTypeToScriptingClass (32ms)
	initialDomainReloadingComplete (138ms)
	LoadAllAssembliesAndSetupDomain (398ms)
		LoadAssemblies (272ms)
		RebuildTransferFunctionScriptingTraits (0ms)
		AnalyzeDomain (391ms)
			TypeCache.Refresh (387ms)
				TypeCache.ScanAssembly (348ms)
			ScanForSourceGeneratedMonoScriptInfo (1ms)
			ResolveRequiredComponents (2ms)
	FinalizeReload (854ms)
		ReleaseScriptCaches (0ms)
		RebuildScriptCaches (0ms)
		SetupLoadedEditorAssemblies (669ms)
			LogAssemblyErrors (0ms)
			InitializePlatformSupportModulesInManaged (32ms)
			SetLoadedEditorAssemblies (18ms)
			RefreshPlugins (0ms)
			BeforeProcessingInitializeOnLoad (6ms)
			ProcessInitializeOnLoadAttributes (467ms)
			ProcessInitializeOnLoadMethodAttributes (146ms)
			AfterProcessingInitializeOnLoad (0ms)
			EditorAssembliesLoaded (0ms)
		ExecutionOrderSort2 (0ms)
		AwakeInstancesAfterBackupRestoration (0ms)
========================================================================
Worker process is ready to serve import requests
Begin MonoManager ReloadAssembly
- Loaded All Assemblies, in  1.551 seconds
Refreshing native plugins compatible for Editor in 5.93 ms, found 3 plugins.
Native extension for WindowsStandalone target not found
Native extension for WebGL target not found
Package Manager log level set to [2]
[Package Manager] Server::EnsureServerProcessIsRunning -- launch failed, reason: Unity was launched with the -noUpm command-line argument
[Package Manager] UpmClient::Send -- Unable to send message (not connected to UPM process).
[Package Manager] Cannot connect to Unity Package Manager local server
Mono: successfully reloaded assembly
- Finished resetting the current domain, in  1.919 seconds
Domain Reload Profiling: 3465ms
	BeginReloadAssembly (357ms)
		ExecutionOrderSort (0ms)
		DisableScriptedObjects (9ms)
		BackupInstance (0ms)
		ReleaseScriptingObjects (0ms)
		CreateAndSetChildDomain (57ms)
	RebuildCommonClasses (79ms)
	RebuildNativeTypeToScriptingClass (23ms)
	initialDomainReloadingComplete (121ms)
	LoadAllAssembliesAndSetupDomain (964ms)
		LoadAssemblies (786ms)
		RebuildTransferFunctionScriptingTraits (0ms)
		AnalyzeDomain (386ms)
			TypeCache.Refresh (340ms)
				TypeCache.ScanAssembly (301ms)
			ScanForSourceGeneratedMonoScriptInfo (32ms)
			ResolveRequiredComponents (11ms)
	FinalizeReload (1920ms)
		ReleaseScriptCaches (0ms)
		RebuildScriptCaches (0ms)
		SetupLoadedEditorAssemblies (1390ms)
			LogAssemblyErrors (0ms)
			InitializePlatformSupportModulesInManaged (20ms)
			SetLoadedEditorAssemblies (13ms)
			RefreshPlugins (0ms)
			BeforeProcessingInitializeOnLoad (155ms)
			ProcessInitializeOnLoadAttributes (1117ms)
			ProcessInitializeOnLoadMethodAttributes (70ms)
			AfterProcessingInitializeOnLoad (15ms)
			EditorAssembliesLoaded (1ms)
		ExecutionOrderSort2 (0ms)
		AwakeInstancesAfterBackupRestoration (14ms)
Launched and connected shader compiler UnityShaderCompiler.exe after 0.13 seconds
Refreshing native plugins compatible for Editor in 6.39 ms, found 3 plugins.
Preloading 0 native plugins for Editor in 0.00 ms.
Unloading 3094 Unused Serialized files (Serialized files now loaded: 0)
Unloading 32 unused Assets / (57.4 KB). Loaded Objects now: 3555.
Memory consumption went from 121.5 MB to 121.5 MB.
Total: 6.876200 ms (FindLiveObjects: 0.766300 ms CreateObjectMapping: 0.589400 ms MarkObjects: 5.209300 ms  DeleteObjects: 0.307000 ms)

AssetImportParameters requested are different than current active one (requested -> active):
  custom:container-demuxer-ogg: 62fdf1f143b41e24485cea50d1cbac27 -> 
  custom:video-codec-MediaFoundation-h265: 746d11721c4dcdbdad8f713fa42b33f4 -> 
  custom:video-decoder-ogg-theora: a1e56fd34408186e4bbccfd4996cb3dc -> 
  custom:framework-win-MediaFoundation: 216162199b28c13a410421893ffa2e32 -> 
  custom:CustomObjectIndexerAttribute: 9a22284fe3817be447336de3de66b15e -> 
  custom:container-demuxer-webm: 4f35f7cbe854078d1ac9338744f61a02 -> 
  custom:container-muxer-webm: aa71ff27fc2769a1b78a27578f13a17b -> 
  custom:video-decoder-webm-vp8: 9c59270c3fd7afecdb556c50c9e8de78 -> 
  custom:SearchIndexIgnoredProperties: e643bd26f0fe6173181afceb89e7c659 -> 
  custom:AudioImporter_EditorPlatform: d09bf68614088b80899f8185d706f6e7 -> 
  custom:video-encoder-webm-vp8: eb34c28f22e8b96e1ab97ce403110664 -> 
  custom:audio-decoder-ogg-vorbis: bf7c407c2cedff20999df2af8eb42d56 -> 
  custom:audio-encoder-webm-vorbis: bf7c407c2cedff20999df2af8eb42d56 -> 
========================================================================
Received Prepare
Begin MonoManager ReloadAssembly
- Loaded All Assemblies, in  1.716 seconds
Refreshing native plugins compatible for Editor in 18.41 ms, found 3 plugins.
Native extension for WindowsStandalone target not found
Native extension for WebGL target not found
[Package Manager] Server::EnsureServerProcessIsRunning -- launch failed, reason: Unity was launched with the -noUpm command-line argument
[Package Manager] UpmClient::Send -- Unable to send message (not connected to UPM process).
[Package Manager] Cannot connect to Unity Package Manager local server
Mono: successfully reloaded assembly
- Finished resetting the current domain, in  5.250 seconds
Domain Reload Profiling: 6952ms
	BeginReloadAssembly (567ms)
		ExecutionOrderSort (0ms)
		DisableScriptedObjects (32ms)
		BackupInstance (0ms)
		ReleaseScriptingObjects (0ms)
		CreateAndSetChildDomain (133ms)
	RebuildCommonClasses (114ms)
	RebuildNativeTypeToScriptingClass (38ms)
	initialDomainReloadingComplete (112ms)
	LoadAllAssembliesAndSetupDomain (869ms)
		LoadAssemblies (1069ms)
		RebuildTransferFunctionScriptingTraits (0ms)
		AnalyzeDomain (95ms)
			TypeCache.Refresh (37ms)
				TypeCache.ScanAssembly (1ms)
			ScanForSourceGeneratedMonoScriptInfo (28ms)
			ResolveRequiredComponents (25ms)
	FinalizeReload (5252ms)
		ReleaseScriptCaches (0ms)
		RebuildScriptCaches (0ms)
		SetupLoadedEditorAssemblies (2251ms)
			LogAssemblyErrors (0ms)
			InitializePlatformSupportModulesInManaged (107ms)
			SetLoadedEditorAssemblies (26ms)
			RefreshPlugins (0ms)
			BeforeProcessingInitializeOnLoad (477ms)
			ProcessInitializeOnLoadAttributes (1499ms)
			ProcessInitializeOnLoadMethodAttributes (97ms)
			AfterProcessingInitializeOnLoad (45ms)
			EditorAssembliesLoaded (1ms)
		ExecutionOrderSort2 (0ms)
		AwakeInstancesAfterBackupRestoration (41ms)
Refreshing native plugins compatible for Editor in 19.48 ms, found 3 plugins.
Preloading 0 native plugins for Editor in 0.00 ms.
Unloading 3087 Unused Serialized files (Serialized files now loaded: 0)
Unloading 23 unused Assets / (31.1 KB). Loaded Objects now: 3558.
Memory consumption went from 122.5 MB to 122.5 MB.
Total: 11.077200 ms (FindLiveObjects: 0.926600 ms CreateObjectMapping: 0.564100 ms MarkObjects: 9.321700 ms  DeleteObjects: 0.258800 ms)

Prepare: number of updated asset objects reloaded= 0
AssetImportParameters requested are different than current active one (requested -> active):
  custom:container-demuxer-ogg: 62fdf1f143b41e24485cea50d1cbac27 -> 
  custom:video-codec-MediaFoundation-h265: 746d11721c4dcdbdad8f713fa42b33f4 -> 
  custom:video-decoder-ogg-theora: a1e56fd34408186e4bbccfd4996cb3dc -> 
  custom:framework-win-MediaFoundation: 216162199b28c13a410421893ffa2e32 -> 
  custom:CustomObjectIndexerAttribute: 9a22284fe3817be447336de3de66b15e -> 
  custom:container-demuxer-webm: 4f35f7cbe854078d1ac9338744f61a02 -> 
  custom:container-muxer-webm: aa71ff27fc2769a1b78a27578f13a17b -> 
  custom:video-decoder-webm-vp8: 9c59270c3fd7afecdb556c50c9e8de78 -> 
  custom:SearchIndexIgnoredProperties: e643bd26f0fe6173181afceb89e7c659 -> 
  custom:AudioImporter_EditorPlatform: d09bf68614088b80899f8185d706f6e7 -> 
  custom:video-encoder-webm-vp8: eb34c28f22e8b96e1ab97ce403110664 -> 
  custom:audio-decoder-ogg-vorbis: bf7c407c2cedff20999df2af8eb42d56 -> 
  custom:audio-encoder-webm-vorbis: bf7c407c2cedff20999df2af8eb42d56 -> 
========================================================================
Received Prepare
Begin MonoManager ReloadAssembly
- Loaded All Assemblies, in  0.957 seconds
Refreshing native plugins compatible for Editor in 4.82 ms, found 3 plugins.
Native extension for WindowsStandalone target not found
Native extension for WebGL target not found
[Package Manager] Server::EnsureServerProcessIsRunning -- launch failed, reason: Unity was launched with the -noUpm command-line argument
[Package Manager] UpmClient::Send -- Unable to send message (not connected to UPM process).
[Package Manager] Cannot connect to Unity Package Manager local server
Mono: successfully reloaded assembly
- Finished resetting the current domain, in  2.268 seconds
Domain Reload Profiling: 3216ms
	BeginReloadAssembly (331ms)
		ExecutionOrderSort (0ms)
		DisableScriptedObjects (13ms)
		BackupInstance (0ms)
		ReleaseScriptingObjects (0ms)
		CreateAndSetChildDomain (72ms)
	RebuildCommonClasses (65ms)
	RebuildNativeTypeToScriptingClass (21ms)
	initialDomainReloadingComplete (61ms)
	LoadAllAssembliesAndSetupDomain (469ms)
		LoadAssemblies (623ms)
		RebuildTransferFunctionScriptingTraits (0ms)
		AnalyzeDomain (32ms)
			TypeCache.Refresh (16ms)
				TypeCache.ScanAssembly (0ms)
			ScanForSourceGeneratedMonoScriptInfo (0ms)
			ResolveRequiredComponents (13ms)
	FinalizeReload (2269ms)
		ReleaseScriptCaches (0ms)
		RebuildScriptCaches (0ms)
		SetupLoadedEditorAssemblies (962ms)
			LogAssemblyErrors (0ms)
			InitializePlatformSupportModulesInManaged (17ms)
			SetLoadedEditorAssemblies (11ms)
			RefreshPlugins (0ms)
			BeforeProcessingInitializeOnLoad (154ms)
			ProcessInitializeOnLoadAttributes (715ms)
			ProcessInitializeOnLoadMethodAttributes (49ms)
			AfterProcessingInitializeOnLoad (16ms)
			EditorAssembliesLoaded (0ms)
		ExecutionOrderSort2 (0ms)
		AwakeInstancesAfterBackupRestoration (13ms)
Refreshing native plugins compatible for Editor in 8.70 ms, found 3 plugins.
Preloading 0 native plugins for Editor in 0.00 ms.
Unloading 3087 Unused Serialized files (Serialized files now loaded: 0)
Unloading 23 unused Assets / (31.3 KB). Loaded Objects now: 3561.
Memory consumption went from 124.5 MB to 124.4 MB.
Total: 11.068300 ms (FindLiveObjects: 0.883700 ms CreateObjectMapping: 0.329800 ms MarkObjects: 9.655900 ms  DeleteObjects: 0.193800 ms)

Prepare: number of updated asset objects reloaded= 0
AssetImportParameters requested are different than current active one (requested -> active):
  custom:container-demuxer-ogg: 62fdf1f143b41e24485cea50d1cbac27 -> 
  custom:video-codec-MediaFoundation-h265: 746d11721c4dcdbdad8f713fa42b33f4 -> 
  custom:video-decoder-ogg-theora: a1e56fd34408186e4bbccfd4996cb3dc -> 
  custom:framework-win-MediaFoundation: 216162199b28c13a410421893ffa2e32 -> 
  custom:CustomObjectIndexerAttribute: 9a22284fe3817be447336de3de66b15e -> 
  custom:container-demuxer-webm: 4f35f7cbe854078d1ac9338744f61a02 -> 
  custom:container-muxer-webm: aa71ff27fc2769a1b78a27578f13a17b -> 
  custom:video-decoder-webm-vp8: 9c59270c3fd7afecdb556c50c9e8de78 -> 
  custom:SearchIndexIgnoredProperties: e643bd26f0fe6173181afceb89e7c659 -> 
  custom:AudioImporter_EditorPlatform: d09bf68614088b80899f8185d706f6e7 -> 
  custom:video-encoder-webm-vp8: eb34c28f22e8b96e1ab97ce403110664 -> 
  custom:audio-decoder-ogg-vorbis: bf7c407c2cedff20999df2af8eb42d56 -> 
  custom:audio-encoder-webm-vorbis: bf7c407c2cedff20999df2af8eb42d56 -> 
========================================================================
Received Import Request.
  Time since last request: 2251329.629904 seconds.
  path: Assets/Screenshots/1.png
  artifactKey: Guid(c01f41c2b17bc9a4fae3bd69f6371318) Importer(815301076,1909f56bfc062723c751e8b465ee728b)
Start importing Assets/Screenshots/1.png using Guid(c01f41c2b17bc9a4fae3bd69f6371318) Importer(815301076,1909f56bfc062723c751e8b465ee728b)  -> (artifact id: '31c606faf6f559a6d4c90ca85c4223b6') in 0.487984 seconds
Number of updated asset objects reloaded before import = 0
Number of asset objects unloaded after import = 2
========================================================================
Received Import Request.
  Time since last request: 0.000095 seconds.
  path: Assets/Screenshots/32.png
  artifactKey: Guid(0edcf990a986dfa4ab77f9efe88ba3f3) Importer(815301076,1909f56bfc062723c751e8b465ee728b)
Start importing Assets/Screenshots/32.png using Guid(0edcf990a986dfa4ab77f9efe88ba3f3) Importer(815301076,1909f56bfc062723c751e8b465ee728b)  -> (artifact id: '0517767a65dea07b39e637d052af21f6') in 0.065714 seconds
Number of updated asset objects reloaded before import = 0
Number of asset objects unloaded after import = 2
========================================================================
Received Import Request.
  Time since last request: 0.000141 seconds.
  path: Assets/Screenshots/3.png
  artifactKey: Guid(b0685a374f3cb0849a0fd726ada1d7b3) Importer(815301076,1909f56bfc062723c751e8b465ee728b)
Start importing Assets/Screenshots/3.png using Guid(b0685a374f3cb0849a0fd726ada1d7b3) Importer(815301076,1909f56bfc062723c751e8b465ee728b)  -> (artifact id: '5d7650ae97a110871a6bd6543470b4f4') in 0.063195 seconds
Number of updated asset objects reloaded before import = 0
Number of asset objects unloaded after import = 2
========================================================================
Received Import Request.
  Time since last request: 0.000114 seconds.
  path: Assets/Screenshots/17.png
  artifactKey: Guid(8aa754e531c5a674b9618d8234e8b1a7) Importer(815301076,1909f56bfc062723c751e8b465ee728b)
Start importing Assets/Screenshots/17.png using Guid(8aa754e531c5a674b9618d8234e8b1a7) Importer(815301076,1909f56bfc062723c751e8b465ee728b)  -> (artifact id: '4e6866b5a580dc3e401d60349573fee8') in 0.057793 seconds
Number of updated asset objects reloaded before import = 0
Number of asset objects unloaded after import = 2
========================================================================
Received Import Request.
  Time since last request: 0.000081 seconds.
  path: Assets/Screenshots/9.png
  artifactKey: Guid(38a00ee8c05583f47b85b2fdf9c2634f) Importer(815301076,1909f56bfc062723c751e8b465ee728b)
Start importing Assets/Screenshots/9.png using Guid(38a00ee8c05583f47b85b2fdf9c2634f) Importer(815301076,1909f56bfc062723c751e8b465ee728b)  -> (artifact id: '252488ea42355f6d707b3cf9e81a983b') in 0.067825 seconds
Number of updated asset objects reloaded before import = 0
Number of asset objects unloaded after import = 2
========================================================================
Received Import Request.
  Time since last request: 0.000105 seconds.
  path: Assets/Screenshots/30.png
  artifactKey: Guid(a1c4ff7d57fb1714ab694519f6347e4c) Importer(815301076,1909f56bfc062723c751e8b465ee728b)
Start importing Assets/Screenshots/30.png using Guid(a1c4ff7d57fb1714ab694519f6347e4c) Importer(815301076,1909f56bfc062723c751e8b465ee728b)  -> (artifact id: 'bf31dea4c0b7886ca6bdfef9347cc0ae') in 0.045505 seconds
Number of updated asset objects reloaded before import = 0
Number of asset objects unloaded after import = 2
========================================================================
Received Import Request.
  Time since last request: 0.000108 seconds.
  path: Assets/Screenshots/40.png
  artifactKey: Guid(08e0bf4c58883ae4dab4f8f83844d056) Importer(815301076,1909f56bfc062723c751e8b465ee728b)
Start importing Assets/Screenshots/40.png using Guid(08e0bf4c58883ae4dab4f8f83844d056) Importer(815301076,1909f56bfc062723c751e8b465ee728b)  -> (artifact id: 'a914b6f899033aa446b3dadedf2edc54') in 0.072909 seconds
Number of updated asset objects reloaded before import = 0
Number of asset objects unloaded after import = 2
========================================================================
Received Import Request.
  Time since last request: 0.000106 seconds.
  path: Assets/Screenshots/4.png
  artifactKey: Guid(8a33438e0b2d71d4ba493953ed23e499) Importer(815301076,1909f56bfc062723c751e8b465ee728b)
Start importing Assets/Screenshots/4.png using Guid(8a33438e0b2d71d4ba493953ed23e499) Importer(815301076,1909f56bfc062723c751e8b465ee728b)  -> (artifact id: 'd6bcd27964e3bae3451247140828dca7') in 0.068278 seconds
Number of updated asset objects reloaded before import = 0
Number of asset objects unloaded after import = 2
========================================================================
Received Import Request.
  Time since last request: 0.000655 seconds.
  path: Assets/Screenshots/28.png
  artifactKey: Guid(c21fb975f2143204c9a097c3631883cd) Importer(815301076,1909f56bfc062723c751e8b465ee728b)
Start importing Assets/Screenshots/28.png using Guid(c21fb975f2143204c9a097c3631883cd) Importer(815301076,1909f56bfc062723c751e8b465ee728b)  -> (artifact id: '66e85ab5ce8eec0ba4d33127e0e689d2') in 0.086493 seconds
Number of updated asset objects reloaded before import = 0
Number of asset objects unloaded after import = 2
========================================================================
Received Import Request.
  Time since last request: 0.002589 seconds.
  path: Assets/Screenshots/38.png
  artifactKey: Guid(cdf9674b98285974d872fab5cebc70bb) Importer(815301076,1909f56bfc062723c751e8b465ee728b)
Start importing Assets/Screenshots/38.png using Guid(cdf9674b98285974d872fab5cebc70bb) Importer(815301076,1909f56bfc062723c751e8b465ee728b)  -> (artifact id: 'f4617c172280b3dd81ecef34acd4f565') in 0.087462 seconds
Number of updated asset objects reloaded before import = 0
Number of asset objects unloaded after import = 2
========================================================================
Received Import Request.
  Time since last request: 0.000081 seconds.
  path: Assets/Screenshots/43.png
  artifactKey: Guid(6ec18c4386334e14687a679689ad67f6) Importer(815301076,1909f56bfc062723c751e8b465ee728b)
Start importing Assets/Screenshots/43.png using Guid(6ec18c4386334e14687a679689ad67f6) Importer(815301076,1909f56bfc062723c751e8b465ee728b)  -> (artifact id: '389fab7238d8f615b0d214cb973f8708') in 0.059935 seconds
Number of updated asset objects reloaded before import = 0
Number of asset objects unloaded after import = 2
========================================================================
Received Import Request.
  Time since last request: 0.000094 seconds.
  path: Assets/Screenshots/2.png
  artifactKey: Guid(818c6771a72ab6c4eb7660f519560630) Importer(815301076,1909f56bfc062723c751e8b465ee728b)
Start importing Assets/Screenshots/2.png using Guid(818c6771a72ab6c4eb7660f519560630) Importer(815301076,1909f56bfc062723c751e8b465ee728b)  -> (artifact id: '9981ca3aabf2d5a4aad0471c654cb6b7') in 0.045647 seconds
Number of updated asset objects reloaded before import = 0
Number of asset objects unloaded after import = 2
========================================================================
Received Import Request.
  Time since last request: 0.000079 seconds.
  path: Assets/Screenshots/7.png
  artifactKey: Guid(46bb5d16d911ca740918a351f75ae306) Importer(815301076,1909f56bfc062723c751e8b465ee728b)
Start importing Assets/Screenshots/7.png using Guid(46bb5d16d911ca740918a351f75ae306) Importer(815301076,1909f56bfc062723c751e8b465ee728b)  -> (artifact id: '90e4a73ee6131858356001712759e7f8') in 0.055779 seconds
Number of updated asset objects reloaded before import = 0
Number of asset objects unloaded after import = 2
========================================================================
Received Import Request.
  Time since last request: 0.000128 seconds.
  path: Assets/Screenshots/39.png
  artifactKey: Guid(a27a82b970227d845b44ca1aa7976c4b) Importer(815301076,1909f56bfc062723c751e8b465ee728b)
Start importing Assets/Screenshots/39.png using Guid(a27a82b970227d845b44ca1aa7976c4b) Importer(815301076,1909f56bfc062723c751e8b465ee728b)  -> (artifact id: '2146418b4ffebde7a3d1739559686218') in 0.048479 seconds
Number of updated asset objects reloaded before import = 0
Number of asset objects unloaded after import = 2
========================================================================
Received Import Request.
  Time since last request: 0.000087 seconds.
  path: Assets/Screenshots/20.png
  artifactKey: Guid(f4393f9f879f38541bb123d47b467dd5) Importer(815301076,1909f56bfc062723c751e8b465ee728b)
Start importing Assets/Screenshots/20.png using Guid(f4393f9f879f38541bb123d47b467dd5) Importer(815301076,1909f56bfc062723c751e8b465ee728b)  -> (artifact id: '4495a59bc10913064ed84bab5802dce2') in 0.052981 seconds
Number of updated asset objects reloaded before import = 0
Number of asset objects unloaded after import = 2
========================================================================
Received Import Request.
  Time since last request: 0.000172 seconds.
  path: Assets/Screenshots/36.png
  artifactKey: Guid(29f4ada8eee018f4cb5de53d6363ec8d) Importer(815301076,1909f56bfc062723c751e8b465ee728b)
Start importing Assets/Screenshots/36.png using Guid(29f4ada8eee018f4cb5de53d6363ec8d) Importer(815301076,1909f56bfc062723c751e8b465ee728b)  -> (artifact id: 'faeb30a8eb0c2ebad124cb37338555f9') in 0.050874 seconds
Number of updated asset objects reloaded before import = 0
Number of asset objects unloaded after import = 2
========================================================================
Received Import Request.
  Time since last request: 0.000105 seconds.
  path: Assets/Screenshots/27.png
  artifactKey: Guid(fdf2e92348c7e9f4d92ca2ceff8e6042) Importer(815301076,1909f56bfc062723c751e8b465ee728b)
Start importing Assets/Screenshots/27.png using Guid(fdf2e92348c7e9f4d92ca2ceff8e6042) Importer(815301076,1909f56bfc062723c751e8b465ee728b)  -> (artifact id: 'f02470c559b0b7dee9c421bc72a8062e') in 0.044948 seconds
Number of updated asset objects reloaded before import = 0
Number of asset objects unloaded after import = 2
========================================================================
Received Import Request.
  Time since last request: 0.000081 seconds.
  path: Assets/Screenshots/25.png
  artifactKey: Guid(a36119e5be57cd5469e7c5c8c06be9dc) Importer(815301076,1909f56bfc062723c751e8b465ee728b)
Start importing Assets/Screenshots/25.png using Guid(a36119e5be57cd5469e7c5c8c06be9dc) Importer(815301076,1909f56bfc062723c751e8b465ee728b)  -> (artifact id: '51e2486f2b917aca9713194d1b957168') in 0.041021 seconds
Number of updated asset objects reloaded before import = 0
Number of asset objects unloaded after import = 2
========================================================================
Received Import Request.
  Time since last request: 0.000067 seconds.
  path: Assets/Screenshots/29.png
  artifactKey: Guid(b5398e313dae4874f9e47b5adc63dce1) Importer(815301076,1909f56bfc062723c751e8b465ee728b)
Start importing Assets/Screenshots/29.png using Guid(b5398e313dae4874f9e47b5adc63dce1) Importer(815301076,1909f56bfc062723c751e8b465ee728b)  -> (artifact id: '1d936d21466172ba08142ea55c16c48f') in 0.045271 seconds
Number of updated asset objects reloaded before import = 0
Number of asset objects unloaded after import = 2
========================================================================
Received Import Request.
  Time since last request: 0.000072 seconds.
  path: Assets/Screenshots/15.png
  artifactKey: Guid(76a49c149eac7294e9448db74230061b) Importer(815301076,1909f56bfc062723c751e8b465ee728b)
Start importing Assets/Screenshots/15.png using Guid(76a49c149eac7294e9448db74230061b) Importer(815301076,1909f56bfc062723c751e8b465ee728b)  -> (artifact id: 'e929220ce685466195dfbe65ab3678c1') in 0.056254 seconds
Number of updated asset objects reloaded before import = 0
Number of asset objects unloaded after import = 2
========================================================================
Received Import Request.
  Time since last request: 0.000101 seconds.
  path: Assets/Screenshots/24.png
  artifactKey: Guid(a6e86d70100a47248ac03c763e5dccf5) Importer(815301076,1909f56bfc062723c751e8b465ee728b)
Start importing Assets/Screenshots/24.png using Guid(a6e86d70100a47248ac03c763e5dccf5) Importer(815301076,1909f56bfc062723c751e8b465ee728b)  -> (artifact id: '5bc59f193a14f8a9040a181fa0b27da5') in 0.046786 seconds
Number of updated asset objects reloaded before import = 0
Number of asset objects unloaded after import = 2
========================================================================
Received Import Request.
  Time since last request: 0.000080 seconds.
  path: Assets/Screenshots/11.png
  artifactKey: Guid(b47fb8d2b557f7042b1068a90c2922ee) Importer(815301076,1909f56bfc062723c751e8b465ee728b)
Start importing Assets/Screenshots/11.png using Guid(b47fb8d2b557f7042b1068a90c2922ee) Importer(815301076,1909f56bfc062723c751e8b465ee728b)  -> (artifact id: '3c8b984228629281453ffd323dd8fb38') in 0.047238 seconds
Number of updated asset objects reloaded before import = 0
Number of asset objects unloaded after import = 2
========================================================================
Received Import Request.
  Time since last request: 0.000112 seconds.
  path: Assets/Screenshots/8.png
  artifactKey: Guid(9c5e5374e32f1bb4bb008c04ec2fb2da) Importer(815301076,1909f56bfc062723c751e8b465ee728b)
Start importing Assets/Screenshots/8.png using Guid(9c5e5374e32f1bb4bb008c04ec2fb2da) Importer(815301076,1909f56bfc062723c751e8b465ee728b)  -> (artifact id: '70098d258d6643a6d92d8d4386275eb2') in 0.042056 seconds
Number of updated asset objects reloaded before import = 0
Number of asset objects unloaded after import = 2
========================================================================
Received Import Request.
  Time since last request: 10.399406 seconds.
  path: Assets/Screenshots/46.png
  artifactKey: Guid(e9f86c1b633523d44b3deeca4f8b83bc) Importer(815301076,1909f56bfc062723c751e8b465ee728b)
Start importing Assets/Screenshots/46.png using Guid(e9f86c1b633523d44b3deeca4f8b83bc) Importer(815301076,1909f56bfc062723c751e8b465ee728b)  -> (artifact id: '6992734edc8dfc78994a4920c435b152') in 0.055235 seconds
Number of updated asset objects reloaded before import = 0
Number of asset objects unloaded after import = 2
========================================================================
Received Import Request.
  Time since last request: 0.000141 seconds.
  path: Assets/Screenshots/51.png
  artifactKey: Guid(14d1420c67c1fd448baf325df3ec9353) Importer(815301076,1909f56bfc062723c751e8b465ee728b)
Start importing Assets/Screenshots/51.png using Guid(14d1420c67c1fd448baf325df3ec9353) Importer(815301076,1909f56bfc062723c751e8b465ee728b)  -> (artifact id: '7b3d399638596677d421ddf5020a96ac') in 0.070958 seconds
Number of updated asset objects reloaded before import = 0
Number of asset objects unloaded after import = 2
========================================================================
Received Import Request.
  Time since last request: 0.000135 seconds.
  path: Assets/Screenshots/52.png
  artifactKey: Guid(0aafaffb5fb45af439744612f77b378a) Importer(815301076,1909f56bfc062723c751e8b465ee728b)
Start importing Assets/Screenshots/52.png using Guid(0aafaffb5fb45af439744612f77b378a) Importer(815301076,1909f56bfc062723c751e8b465ee728b)  -> (artifact id: '44cd72627134aa066c35f2ca4a9ea25e') in 0.065178 seconds
Number of updated asset objects reloaded before import = 0
Number of asset objects unloaded after import = 2
========================================================================
Received Import Request.
  Time since last request: 0.000149 seconds.
  path: Assets/Screenshots/88.png
  artifactKey: Guid(1009f634e8d40d24b90960e18103f73e) Importer(815301076,1909f56bfc062723c751e8b465ee728b)
Start importing Assets/Screenshots/88.png using Guid(1009f634e8d40d24b90960e18103f73e) Importer(815301076,1909f56bfc062723c751e8b465ee728b)  -> (artifact id: '906c8575a048c91653fc099f4204bcd7') in 0.067570 seconds
Number of updated asset objects reloaded before import = 0
Number of asset objects unloaded after import = 2
========================================================================
Received Import Request.
  Time since last request: 0.000102 seconds.
  path: Assets/Screenshots/82.png
  artifactKey: Guid(031f5f6ee1d064d47afa39f60dd3c68a) Importer(815301076,1909f56bfc062723c751e8b465ee728b)
Start importing Assets/Screenshots/82.png using Guid(031f5f6ee1d064d47afa39f60dd3c68a) Importer(815301076,1909f56bfc062723c751e8b465ee728b)  -> (artifact id: 'f1a7f059d60e2f7dc4d74380c5d6ec97') in 0.050649 seconds
Number of updated asset objects reloaded before import = 0
Number of asset objects unloaded after import = 2
========================================================================
Received Import Request.
  Time since last request: 0.000095 seconds.
  path: Assets/Screenshots/87.png
  artifactKey: Guid(e314a7db9e1969c4198e399c272b4bd9) Importer(815301076,1909f56bfc062723c751e8b465ee728b)
Start importing Assets/Screenshots/87.png using Guid(e314a7db9e1969c4198e399c272b4bd9) Importer(815301076,1909f56bfc062723c751e8b465ee728b)  -> (artifact id: '8065013a41c44f5dbd2f22acb5f00376') in 0.059425 seconds
Number of updated asset objects reloaded before import = 0
Number of asset objects unloaded after import = 2
========================================================================
Received Import Request.
  Time since last request: 0.000083 seconds.
  path: Assets/Screenshots/90.png
  artifactKey: Guid(97d398655250ee44582e991ed166e531) Importer(815301076,1909f56bfc062723c751e8b465ee728b)
Start importing Assets/Screenshots/90.png using Guid(97d398655250ee44582e991ed166e531) Importer(815301076,1909f56bfc062723c751e8b465ee728b)  -> (artifact id: '967528e337ec2c071a611522596195d6') in 0.044992 seconds
Number of updated asset objects reloaded before import = 0
Number of asset objects unloaded after import = 2
========================================================================
Received Import Request.
  Time since last request: 0.000067 seconds.
  path: Assets/Screenshots/86.png
  artifactKey: Guid(eb78ea927c691734eac03d1ebaca0fe8) Importer(815301076,1909f56bfc062723c751e8b465ee728b)
Start importing Assets/Screenshots/86.png using Guid(eb78ea927c691734eac03d1ebaca0fe8) Importer(815301076,1909f56bfc062723c751e8b465ee728b)  -> (artifact id: 'e39d5c43ef6b8cc46245400c6791cd02') in 0.044072 seconds
Number of updated asset objects reloaded before import = 0
Number of asset objects unloaded after import = 2
========================================================================
Received Import Request.
  Time since last request: 0.000074 seconds.
  path: Assets/Screenshots/98.png
  artifactKey: Guid(b044bd70883676c48bbe514352fcd4bd) Importer(815301076,1909f56bfc062723c751e8b465ee728b)
Start importing Assets/Screenshots/98.png using Guid(b044bd70883676c48bbe514352fcd4bd) Importer(815301076,1909f56bfc062723c751e8b465ee728b)  -> (artifact id: '41e59be498e1223c440dfd3181d7f33c') in 0.056413 seconds
Number of updated asset objects reloaded before import = 0
Number of asset objects unloaded after import = 2
========================================================================
Received Import Request.
  Time since last request: 0.000148 seconds.
  path: Assets/Screenshots/49.png
  artifactKey: Guid(77a258488d8cca546abc2518de2c221e) Importer(815301076,1909f56bfc062723c751e8b465ee728b)
Start importing Assets/Screenshots/49.png using Guid(77a258488d8cca546abc2518de2c221e) Importer(815301076,1909f56bfc062723c751e8b465ee728b)  -> (artifact id: '24eecd218f2ada1043c55004f7334961') in 0.057251 seconds
Number of updated asset objects reloaded before import = 0
Number of asset objects unloaded after import = 2
========================================================================
Received Import Request.
  Time since last request: 0.000071 seconds.
  path: Assets/Screenshots/92.png
  artifactKey: Guid(4f86c21ed59ff8b429ab13877e021e6b) Importer(815301076,1909f56bfc062723c751e8b465ee728b)
Start importing Assets/Screenshots/92.png using Guid(4f86c21ed59ff8b429ab13877e021e6b) Importer(815301076,1909f56bfc062723c751e8b465ee728b)  -> (artifact id: '07a041c314c67e0d24ac784128fca885') in 0.045947 seconds
Number of updated asset objects reloaded before import = 0
Number of asset objects unloaded after import = 2
========================================================================
Received Import Request.
  Time since last request: 0.000100 seconds.
  path: Assets/Screenshots/78.png
  artifactKey: Guid(dcc8661e8e814d941a1677bec53960ff) Importer(815301076,1909f56bfc062723c751e8b465ee728b)
Start importing Assets/Screenshots/78.png using Guid(dcc8661e8e814d941a1677bec53960ff) Importer(815301076,1909f56bfc062723c751e8b465ee728b)  -> (artifact id: '93fc23c59f4753160d57c9e456037438') in 0.048904 seconds
Number of updated asset objects reloaded before import = 0
Number of asset objects unloaded after import = 2
========================================================================
Received Import Request.
  Time since last request: 0.000115 seconds.
  path: Assets/Screenshots/81.png
  artifactKey: Guid(c6a39d58990b0cc4685da9eee4e73a0a) Importer(815301076,1909f56bfc062723c751e8b465ee728b)
Start importing Assets/Screenshots/81.png using Guid(c6a39d58990b0cc4685da9eee4e73a0a) Importer(815301076,1909f56bfc062723c751e8b465ee728b)  -> (artifact id: '0fbd6d199076b94efc6085ba0388d790') in 0.057831 seconds
Number of updated asset objects reloaded before import = 0
Number of asset objects unloaded after import = 2
========================================================================
Received Import Request.
  Time since last request: 0.000078 seconds.
  path: Assets/Screenshots/95.png
  artifactKey: Guid(5a82ee94a61c0b64b8f5a11fe2138b22) Importer(815301076,1909f56bfc062723c751e8b465ee728b)
Start importing Assets/Screenshots/95.png using Guid(5a82ee94a61c0b64b8f5a11fe2138b22) Importer(815301076,1909f56bfc062723c751e8b465ee728b)  -> (artifact id: '3ab3724a29cd1f28981beb725610bf51') in 0.050447 seconds
Number of updated asset objects reloaded before import = 0
Number of asset objects unloaded after import = 2
Editor requested this worker to shutdown with reason: Scaling down because of idle timeout
TcpMessagingSession - receive error: operation aborted. errorcode: 995, details: The I/O operation has been aborted because of either a thread exit or an application request.
AssetImportWorker is now disconnected from the server
Process exiting
Exiting without the bug reporter. Application will terminate with return code 0